0 info it worked if it ends with ok
1 verbose cli [ '/usr/bin/nodejs', '/usr/bin/npm', 'publish' ]
2 info using npm@4.1.2
3 info using node@v7.5.0
4 verbose publish [ '.' ]
5 silly cache add args [ '.', null ]
6 verbose cache add spec .
7 silly cache add parsed spec Result {
7 silly cache add   raw: '.',
7 silly cache add   scope: null,
7 silly cache add   escapedName: null,
7 silly cache add   name: null,
7 silly cache add   rawSpec: '.',
7 silly cache add   spec: '/var/www/html/kwikar/kwikar-cli',
7 silly cache add   type: 'directory' }
8 verbose addLocalDirectory /home/afrikancoder/.npm/kwikar/1.0.1/package.tgz not in flight; packing
9 verbose correctMkdir /home/afrikancoder/.npm correctMkdir not in flight; initializing
10 info lifecycle kwikar@1.0.1~prepublish: kwikar@1.0.1
11 silly lifecycle kwikar@1.0.1~prepublish: no script for prepublish, continuing
12 info lifecycle kwikar@1.0.1~prepare: kwikar@1.0.1
13 silly lifecycle kwikar@1.0.1~prepare: no script for prepare, continuing
14 verbose tar pack [ '/home/afrikancoder/.npm/kwikar/1.0.1/package.tgz',
14 verbose tar pack   '/var/www/html/kwikar/kwikar-cli' ]
15 verbose tarball /home/afrikancoder/.npm/kwikar/1.0.1/package.tgz
16 verbose folder /var/www/html/kwikar/kwikar-cli
17 verbose addLocalTarball adding from inside cache /home/afrikancoder/.npm/kwikar/1.0.1/package.tgz
18 verbose correctMkdir /home/afrikancoder/.npm correctMkdir not in flight; initializing
19 silly cache afterAdd kwikar@1.0.1
20 verbose afterAdd /home/afrikancoder/.npm/kwikar/1.0.1/package/package.json not in flight; writing
21 verbose correctMkdir /home/afrikancoder/.npm correctMkdir not in flight; initializing
22 verbose afterAdd /home/afrikancoder/.npm/kwikar/1.0.1/package/package.json written
23 silly publish { name: 'kwikar',
23 silly publish   version: '1.0.1',
23 silly publish   description: 'CLi to get started \'quicker\' when building microservices by offering ready-to-deploy & configurable project templates.',
23 silly publish   main: 'index.js',
23 silly publish   scripts:
23 silly publish    { test: 'echo "Error: no test specified" && exit 1',
23 silly publish      build: 'git add .;git commit -m \'LC\';git push origin master' },
23 silly publish   keywords:
23 silly publish    [ 'kwikar',
23 silly publish      'quicker',
23 silly publish      'kwika',
23 silly publish      'microservices',
23 silly publish      'reusable microservices' ],
23 silly publish   author: { name: 'Bakani Z.M Pilime', email: 'bzmpilime@gmail.com' },
23 silly publish   license: 'ISC',
23 silly publish   preferGlobal: true,
23 silly publish   bin: { kwikar: './index.js' },
23 silly publish   repository:
23 silly publish    { type: 'git',
23 silly publish      url: 'git+https://github.com/bzmp125/messaging-service.git' },
23 silly publish   entry_point: './index.js',
23 silly publish   dependencies:
23 silly publish    { chalk: '^1.1.3',
23 silly publish      clear: '0.0.1',
23 silly publish      'cli-spinners': '^1.0.0',
23 silly publish      clui: '^0.3.1',
23 silly publish      colors: '^1.1.2',
23 silly publish      commander: '^2.9.0',
23 silly publish      config: '^1.26.1',
23 silly publish      figlet: '^1.2.0',
23 silly publish      inquirer: '^3.0.6',
23 silly publish      lodash: '^4.17.4',
23 silly publish      minimist: '^1.2.0',
23 silly publish      'node-cmd': '^3.0.0',
23 silly publish      'node-persist': '^2.0.11',
23 silly publish      'node-rest-client': '^3.1.0',
23 silly publish      ora: '^1.2.0',
23 silly publish      preferences: '^0.2.1' },
23 silly publish   readme: '# kwikar-cli\n\nThe idea is to help developers get started faster with new projects, allowing them to focus on building their application, which is what really matters. With kwikar, you can easily spawn projects from already made templates taken from github repositories with the topic \'kwikar-template\'. \n\n## Getting Started\nYou can easily install the CLi with the following command:\n```\nnpm install -g kwikar\n```\n\nThen to start a new project you then run \n\n```\nkwikar init\n```\nThis will take you through the configuration steps where you set the project name & choose the service template amongst other things. \n\n## How to create a service template.\nCreating a service template is as simple as just adding the topic \'kwikar-template\' to your github repository. This way kwikar-cli will be able to pick up the repo when looking for service templates to offer as choices when choosing a template in `kwikar init`.\n\n## The Future\n1. Creating a `kwikar deploy` to deploy to different servers e.g Heroku, Azure, Google Cloud etc.\n2. Support for creating templates from Docker images.\n',
23 silly publish   readmeFilename: 'README.md',
23 silly publish   gitHead: 'a7d860bd2633c833a81e04445f7f96125c53f87d',
23 silly publish   bugs: { url: 'https://github.com/bzmp125/messaging-service/issues' },
23 silly publish   homepage: 'https://github.com/bzmp125/messaging-service#readme',
23 silly publish   _id: 'kwikar@1.0.1',
23 silly publish   _shasum: '65c81374c5dcff989620842e6062c0e02ff722be',
23 silly publish   _from: '.' }
24 info lifecycle kwikar@1.0.1~prepublishOnly: kwikar@1.0.1
25 silly lifecycle kwikar@1.0.1~prepublishOnly: no script for prepublishOnly, continuing
26 verbose getPublishConfig undefined
27 silly mapToRegistry name kwikar
28 silly mapToRegistry using default registry
29 silly mapToRegistry registry https://registry.npmjs.org/
30 silly mapToRegistry data Result {
30 silly mapToRegistry   raw: 'kwikar',
30 silly mapToRegistry   scope: null,
30 silly mapToRegistry   escapedName: 'kwikar',
30 silly mapToRegistry   name: 'kwikar',
30 silly mapToRegistry   rawSpec: '',
30 silly mapToRegistry   spec: 'latest',
30 silly mapToRegistry   type: 'tag' }
31 silly mapToRegistry uri https://registry.npmjs.org/kwikar
32 verbose publish registryBase https://registry.npmjs.org/
33 silly publish uploading /home/afrikancoder/.npm/kwikar/1.0.1/package.tgz
34 verbose request uri https://registry.npmjs.org/kwikar
35 verbose request sending authorization for write operation
36 info attempt registry request try #1 at 10:52:15 AM
37 verbose request using bearer token for auth
38 verbose request id e020287855bbd739
39 http request PUT https://registry.npmjs.org/kwikar
40 http 403 https://registry.npmjs.org/kwikar
41 verbose headers { 'content-type': 'application/json',
41 verbose headers   'cache-control': 'max-age=300',
41 verbose headers   'content-length': '95',
41 verbose headers   'accept-ranges': 'bytes',
41 verbose headers   date: 'Wed, 16 Aug 2017 08:51:51 GMT',
41 verbose headers   via: '1.1 varnish',
41 verbose headers   connection: 'keep-alive',
41 verbose headers   'x-served-by': 'cache-jnb7523-JNB',
41 verbose headers   'x-cache': 'MISS',
41 verbose headers   'x-cache-hits': '0',
41 verbose headers   'x-timer': 'S1502873510.918876,VS0,VE1450',
41 verbose headers   vary: 'Accept-Encoding, Accept' }
42 verbose request invalidating /home/afrikancoder/.npm/registry.npmjs.org/kwikar on PUT
43 error publish Failed PUT 403
44 verbose stack Error: "You cannot publish over the previously published version 1.0.1." : kwikar
44 verbose stack     at makeError (/usr/lib/node_modules/npm/node_modules/npm-registry-client/lib/request.js:304:12)
44 verbose stack     at CachingRegistryClient.<anonymous> (/usr/lib/node_modules/npm/node_modules/npm-registry-client/lib/request.js:292:14)
44 verbose stack     at Request._callback (/usr/lib/node_modules/npm/node_modules/npm-registry-client/lib/request.js:212:14)
44 verbose stack     at Request.self.callback (/usr/lib/node_modules/npm/node_modules/request/request.js:186:22)
44 verbose stack     at emitTwo (events.js:106:13)
44 verbose stack     at Request.emit (events.js:192:7)
44 verbose stack     at Request.<anonymous> (/usr/lib/node_modules/npm/node_modules/request/request.js:1081:10)
44 verbose stack     at emitOne (events.js:96:13)
44 verbose stack     at Request.emit (events.js:189:7)
44 verbose stack     at IncomingMessage.<anonymous> (/usr/lib/node_modules/npm/node_modules/request/request.js:1001:12)
45 verbose statusCode 403
46 verbose pkgid kwikar
47 verbose cwd /var/www/html/kwikar/kwikar-cli
48 error Linux 4.4.0-91-generic
49 error argv "/usr/bin/nodejs" "/usr/bin/npm" "publish"
50 error node v7.5.0
51 error npm  v4.1.2
52 error code E403
53 error "You cannot publish over the previously published version 1.0.1." : kwikar
54 error If you need help, you may report this error at:
54 error     <https://github.com/npm/npm/issues>
55 verbose exit [ 1, true ]
